iter 100 eval 9.036161820626482 best 9.036161820626482 time 40
iter 200 eval 7.938647966204661 best 7.938647966204661 time 78
iter 300 eval 7.611418750924953 best 7.611418750924953 time 119
iter 400 eval 7.577367002471876 best 7.577367002471876 time 159
iter 500 eval 7.45942289233369 best 7.45942289233369 time 198
iter 600 eval 7.384967823261018 best 7.384967823261018 time 237
iter 700 eval 7.361617237809673 best 7.361617237809673 time 275
iter 800 eval 7.281234079928229 best 7.281234079928229 time 313
iter 900 eval 7.256736244401657 best 7.256736244401657 time 353
iter 1000 eval 7.165929871173506 best 7.165929871173506 time 393
iter 1100 eval 7.1542879926211 best 7.1542879926211 time 433
iter 1200 eval 7.126243895674319 best 7.126243895674319 time 471
iter 1300 eval 7.082043845072543 best 7.082043845072543 time 509
iter 1400 eval 7.12875131947856 best 7.082043845072543 time 546
iter 1500 eval 7.051266933076245 best 7.051266933076245 time 585
iter 1600 eval 7.073656164184465 best 7.051266933076245 time 623
iter 1700 eval 7.049837157708074 best 7.049837157708074 time 662
iter 1800 eval 7.012379155344614 best 7.012379155344614 time 701
iter 1900 eval 7.0178461028743975 best 7.012379155344614 time 739
iter 2000 eval 7.076963963922776 best 7.012379155344614 time 776
iter 2100 eval 6.989407832429765 best 6.989407832429765 time 815
iter 2200 eval 6.962540371660632 best 6.962540371660632 time 853
iter 2300 eval 6.944687597735024 best 6.944687597735024 time 892
iter 2400 eval 7.005318850690356 best 6.944687597735024 time 931
iter 2500 eval 6.968024910915089 best 6.944687597735024 time 968
iter 2600 eval 6.883647794316159 best 6.883647794316159 time 1006
iter 2700 eval 6.918792833138539 best 6.883647794316159 time 1043
iter 2800 eval 6.935168005366879 best 6.883647794316159 time 1084
iter 2900 eval 6.8945910806349024 best 6.883647794316159 time 1123
iter 3000 eval 6.871147898903562 best 6.871147898903562 time 1162
iter 3100 eval 6.858181293905368 best 6.858181293905368 time 1201
iter 3200 eval 6.881638912983344 best 6.858181293905368 time 1239
iter 3300 eval 6.824010378199976 best 6.824010378199976 time 1277
iter 3400 eval 6.825876076591802 best 6.824010378199976 time 1317
iter 3500 eval 6.804051823932868 best 6.804051823932868 time 1356
iter 3600 eval 6.798245209217314 best 6.798245209217314 time 1396
iter 3700 eval 6.774310874136031 best 6.774310874136031 time 1434
iter 3800 eval 6.78383075902749 best 6.774310874136031 time 1472
iter 3900 eval 6.74703619727583 best 6.74703619727583 time 1509
iter 4000 eval 6.744713956890517 best 6.744713956890517 time 1549
iter 4100 eval 6.706451762559803 best 6.706451762559803 time 1589
iter 4200 eval 6.662615853425573 best 6.662615853425573 time 1629
iter 4300 eval 6.607175284354859 best 6.607175284354859 time 1667
iter 4400 eval 6.5508717874679165 best 6.5508717874679165 time 1705
iter 4500 eval 6.537675789593071 best 6.537675789593071 time 1743
iter 4600 eval 6.455387789045921 best 6.455387789045921 time 1782
iter 4700 eval 6.347234615676525 best 6.347234615676525 time 1823
iter 4800 eval 6.28451175837491 best 6.28451175837491 time 1863
iter 4900 eval 6.223477178755016 best 6.223477178755016 time 1902
iter 5000 eval 6.177125940937921 best 6.177125940937921 time 1940
iter 5100 eval 6.216681403207143 best 6.177125940937921 time 1978
iter 5200 eval 6.152246724028855 best 6.152246724028855 time 2020
iter 5300 eval 6.150292568274238 best 6.150292568274238 time 2061
iter 5400 eval 6.102251615187542 best 6.102251615187542 time 2101
iter 5500 eval 6.099792326455228 best 6.099792326455228 time 2140
iter 5600 eval 6.088484079009568 best 6.088484079009568 time 2178
iter 5700 eval 6.1030651479057045 best 6.088484079009568 time 2216
iter 5800 eval 6.12584702767504 best 6.088484079009568 time 2256
iter 5900 eval 6.084944847099988 best 6.084944847099988 time 2295
iter 6000 eval 6.084814068222971 best 6.084814068222971 time 2334
iter 6100 eval 6.059937962511373 best 6.059937962511373 time 2373
iter 6200 eval 6.06609069141492 best 6.059937962511373 time 2412
iter 6300 eval 6.062602594265082 best 6.059937962511373 time 2449
iter 6400 eval 6.0507778175410944 best 6.0507778175410944 time 2487
iter 6500 eval 6.059559786629808 best 6.0507778175410944 time 2528
iter 6600 eval 6.046161702103917 best 6.046161702103917 time 2568
iter 6700 eval 6.045608603030059 best 6.045608603030059 time 2606
iter 6800 eval 6.039818576446834 best 6.039818576446834 time 2645
iter 6900 eval 6.028688361464917 best 6.028688361464917 time 2682
iter 7000 eval 6.019599168399708 best 6.019599168399708 time 2721
iter 7100 eval 6.014773281937173 best 6.014773281937173 time 2761
iter 7200 eval 6.012331449036279 best 6.012331449036279 time 2802
iter 7300 eval 6.003626062843195 best 6.003626062843195 time 2841
iter 7400 eval 6.041168653077643 best 6.003626062843195 time 2879
iter 7500 eval 5.99990854861995 best 5.99990854861995 time 2916
iter 7600 eval 5.999287989018174 best 5.999287989018174 time 2954
iter 7700 eval 6.030261876727411 best 5.999287989018174 time 2993
iter 7800 eval 6.019178966209009 best 5.999287989018174 time 3032
iter 7900 eval 5.982597348391586 best 5.982597348391586 time 3071
iter 8000 eval 6.002011547107535 best 5.982597348391586 time 3109
iter 8100 eval 5.990828164543077 best 5.982597348391586 time 3147
iter 8200 eval 5.993366821255931 best 5.982597348391586 time 3184
iter 8300 eval 5.970823667259781 best 5.970823667259781 time 3223
iter 8400 eval 5.983484496943954 best 5.970823667259781 time 3265
iter 8500 eval 5.994426828908264 best 5.970823667259781 time 3304
iter 8600 eval 5.988507465421511 best 5.970823667259781 time 3342
iter 8700 eval 5.970449135814101 best 5.970449135814101 time 3380
iter 8800 eval 5.970151429471585 best 5.970151429471585 time 3418
iter 8900 eval 5.969997155147638 best 5.969997155147638 time 3456
iter 9000 eval 5.980999929751138 best 5.969997155147638 time 3496
iter 9100 eval 5.985591404151841 best 5.969997155147638 time 3536
iter 9200 eval 5.964842982341176 best 5.964842982341176 time 3574
iter 9300 eval 5.959779765622788 best 5.959779765622788 time 3612
iter 9400 eval 5.966648685722846 best 5.959779765622788 time 3649
iter 9500 eval 5.960183030517812 best 5.959779765622788 time 3687
iter 9600 eval 5.977932659767267 best 5.959779765622788 time 3727
iter 9700 eval 5.969021158819662 best 5.959779765622788 time 3766
iter 9800 eval 5.9674908564789515 best 5.959779765622788 time 3804
iter 9900 eval 5.953256462102548 best 5.953256462102548 time 3842
iter 10000 eval 5.968344557496632 best 5.953256462102548 time 3879
